<?xml version="1.0" encoding="UTF-8"?>
<testng-results ignored="0" total="3" passed="3" failed="0" skipped="0">
  <reporter-output>
  </reporter-output>
  <suite started-at="2022-01-11T10:30:20 GMT" name="Regression Suite" finished-at="2022-01-11T10:30:53 GMT" duration-ms="33521">
    <groups>
    </groups>
    <test started-at="2022-01-11T10:30:20 GMT" name="Test" finished-at="2022-01-11T10:30:53 GMT" duration-ms="33521">
      <class name="lamdatest.DragAndDropSliders">
        <test-method is-config="true" signature="launchApp()[pri:0, instance:lamdatest.DragAndDropSliders@7ea37dbf]" started-at="2022-01-11T10:30:20 GMT" name="launchApp" finished-at="2022-01-11T10:30:24 GMT" duration-ms="4180" status="PASS">
          <reporter-output>
          </reporter-output>
        </test-method> <!-- launchApp -->
        <test-method signature="testCase02()[pri:0, instance:lamdatest.DragAndDropSliders@7ea37dbf]" started-at="2022-01-11T10:30:30 GMT" name="testCase02" finished-at="2022-01-11T10:30:37 GMT" duration-ms="6422" status="PASS">
          <reporter-output>
          </reporter-output>
        </test-method> <!-- testCase02 -->
        <test-method is-config="true" signature="quitBrowser()[pri:0, instance:lamdatest.DragAndDropSliders@7ea37dbf]" started-at="2022-01-11T10:30:51 GMT" name="quitBrowser" finished-at="2022-01-11T10:30:52 GMT" duration-ms="794" status="PASS">
          <reporter-output>
          </reporter-output>
        </test-method> <!-- quitBrowser -->
      </class> <!-- lamdatest.DragAndDropSliders -->
      <class name="lamdatest.InputFormSubmit">
        <test-method is-config="true" signature="launchApp()[pri:0, instance:lamdatest.InputFormSubmit@4b44655e]" started-at="2022-01-11T10:30:24 GMT" name="launchApp" finished-at="2022-01-11T10:30:27 GMT" duration-ms="3088" status="PASS">
          <reporter-output>
          </reporter-output>
        </test-method> <!-- launchApp -->
        <test-method signature="testCase03()[pri:0, instance:lamdatest.InputFormSubmit@4b44655e]" started-at="2022-01-11T10:30:37 GMT" name="testCase03" finished-at="2022-01-11T10:30:45 GMT" duration-ms="8347" status="PASS">
          <reporter-output>
          </reporter-output>
        </test-method> <!-- testCase03 -->
        <test-method is-config="true" signature="quitBrowser()[pri:0, instance:lamdatest.InputFormSubmit@4b44655e]" started-at="2022-01-11T10:30:52 GMT" name="quitBrowser" finished-at="2022-01-11T10:30:53 GMT" duration-ms="769" status="PASS">
          <reporter-output>
          </reporter-output>
        </test-method> <!-- quitBrowser -->
      </class> <!-- lamdatest.InputFormSubmit -->
      <class name="lamdatest.SimpleFormDemo">
        <test-method is-config="true" signature="launchApp()[pri:0, instance:lamdatest.SimpleFormDemo@290d210d]" started-at="2022-01-11T10:30:27 GMT" name="launchApp" finished-at="2022-01-11T10:30:30 GMT" duration-ms="3319" status="PASS">
          <reporter-output>
          </reporter-output>
        </test-method> <!-- launchApp -->
        <test-method signature="testCase01()[pri:0, instance:lamdatest.SimpleFormDemo@290d210d]" started-at="2022-01-11T10:30:45 GMT" name="testCase01" finished-at="2022-01-11T10:30:51 GMT" duration-ms="5845" status="PASS">
          <reporter-output>
          </reporter-output>
        </test-method> <!-- testCase01 -->
        <test-method is-config="true" signature="quitBrowser()[pri:0, instance:lamdatest.SimpleFormDemo@290d210d]" started-at="2022-01-11T10:30:53 GMT" name="quitBrowser" finished-at="2022-01-11T10:30:53 GMT" duration-ms="687" status="PASS">
          <reporter-output>
          </reporter-output>
        </test-method> <!-- quitBrowser -->
      </class> <!-- lamdatest.SimpleFormDemo -->
    </test> <!-- Test -->
  </suite> <!-- Regression Suite -->
</testng-results>
