<?xml version="1.0" encoding="UTF-8"?>
<!-- Generated by org.testng.reporters.JUnitXMLReporter -->
<testsuite ignored="0" hostname="EC2AMAZ-8K1VTOL" failures="0" tests="3" name="Test" time="33.521" errors="0" timestamp="2022-01-11T10:30:53 GMT">
  <testcase classname="lamdatest.DragAndDropSliders" name="testCase02" time="6.422"/>
  <testcase classname="lamdatest.InputFormSubmit" name="testCase03" time="8.347"/>
  <testcase classname="lamdatest.SimpleFormDemo" name="testCase01" time="5.845"/>
</testsuite> <!-- Test -->
